<?xml version="1.0" encoding="UTF-8"?>
<!-- Generated by org.testng.reporters.JUnitReportReporter -->
<testsuite skipped="0" hostname="praveen" name="POM_Yahoo.YahooTest" tests="1" failures="0" timestamp="2021-05-10T03:03:56 CDT" time="36.584" errors="0">
  <testcase name="loginTest" time="36.584" classname="POM_Yahoo.YahooTest"/>
  <system-out/>
</testsuite> <!-- POM_Yahoo.YahooTest -->
