<?xml version="1.0" encoding="UTF-8"?>
<!-- Generated by org.testng.reporters.JUnitReportReporter -->
<testsuite skipped="0" hostname="praveen" name="POM_Gmail.YahooTest" tests="1" failures="0" timestamp="2021-05-10T02:12:53 CDT" time="74.758" errors="0">
  <testcase name="loginTest" time="74.758" classname="POM_Gmail.YahooTest"/>
  <system-out/>
</testsuite> <!-- POM_Gmail.YahooTest -->
