<?xml version="1.0" encoding="UTF-8"?>
<!-- Generated by org.testng.reporters.JUnitReportReporter -->
<testsuite skipped="0" hostname="praveen" name="TestNGPack.TestNGTitleVerificationSA" tests="3" failures="0" timestamp="2021-04-26T14:18:30 CDT" time="23.551" errors="0">
  <testcase name="assertEquals" time="9.803" classname="TestNGPack.TestNGTitleVerificationSA"/>
  <system-out/>
  <testcase name="assertTrue" time="5.371" classname="TestNGPack.TestNGTitleVerificationSA"/>
  <system-out/>
  <testcase name="assertTruePS" time="8.377" classname="TestNGPack.TestNGTitleVerificationSA"/>
  <system-out/>
</testsuite> <!-- TestNGPack.TestNGTitleVerificationSA -->
