<?xml version="1.0" encoding="UTF-8"?>
<!-- Generated by org.testng.reporters.JUnitReportReporter -->
<testsuite skipped="0" hostname="praveen" name="POM_Gmail.GmailTest" tests="1" failures="0" timestamp="2021-05-10T01:54:22 CDT" time="15.572" errors="0">
  <testcase name="loginTest" time="15.572" classname="POM_Gmail.GmailTest"/>
  <system-out/>
</testsuite> <!-- POM_Gmail.GmailTest -->
