<?xml version="1.0" encoding="UTF-8"?>
<!-- Generated by org.testng.reporters.JUnitReportReporter -->
<testsuite skipped="0" hostname="praveen" name="TestNGPack.TestNGCrossBrowser" tests="2" failures="0" timestamp="2021-04-30T05:28:18 CDT" time="38.114" errors="0">
  <testcase name="assertEquals" time="28.159" classname="TestNGPack.TestNGCrossBrowser"/>
  <system-out/>
  <testcase name="assertEquals" time="9.955" classname="TestNGPack.TestNGCrossBrowser"/>
  <system-out/>
</testsuite> <!-- TestNGPack.TestNGCrossBrowser -->
