<?xml version="1.0" encoding="UTF-8"?>
<!-- Generated by org.testng.reporters.JUnitReportReporter -->
<testsuite skipped="0" hostname="praveen" name="PropertiesDemo" tests="1" failures="0" timestamp="2021-05-08T12:12:18 CDT" time="0.027" errors="0">
  <testcase name="testProperty" time="0.027" classname="PropertiesDemo"/>
  <system-out/>
</testsuite> <!-- PropertiesDemo -->
